Employee Username: ianfights#9796
Customer Username: TheMainBoss#4700
UUID: 908085110799233024
Code: 2AUK-ZCH5-CDV8-BFB1-RBM7
Length: 16
Date: Thu Oct 27 2022 22:59:49 GMT-0400 (Eastern Daylight Time)
Crypto Price: 1.95
Method: giveaway

Employee Username: ianfights#9796
Customer Username: Danjer#6250
UUID: 211689700950409216
Code: 2AUK-ZCH5-CDV8-BFB1-RBM7
Length: 16
Date: Fri Oct 28 2022 10:30:46 GMT-0400 (Eastern Daylight Time)
Crypto Price: 1.95
Method: giveaway

Employee Username: ianfights#9796
Customer Username: ianfights#9796
UUID: 248181515387666433
Code: test
Length: 16
Date: Sat Dec 03 2022 20:41:59 GMT-0500 (Eastern Standard Time)
Crypto Price: 2.45
Method: crypto

Employee Username: ianfights#9796
Customer Username: TheMainBoss#4700
UUID: 908085110799233024
Code: test
Length: 16
Date: Sat Dec 03 2022 20:43:23 GMT-0500 (Eastern Standard Time)
Crypto Price: 2.45
Method: crypto

